<?xml version="1.0" encoding="UTF-8"?>
<testng-results skipped="0" failed="0" total="1" passed="1">
  <reporter-output>
  </reporter-output>
  <suite name="Default suite" duration-ms="2552" started-at="2019-03-27T17:11:49Z" finished-at="2019-03-27T17:11:52Z">
    <groups>
    </groups>
    <test name="Default test" duration-ms="2552" started-at="2019-03-27T17:11:49Z" finished-at="2019-03-27T17:11:52Z">
      <class name="com.qa.tests.PostAPITest">
        <test-method status="PASS" signature="setUp()[pri:0, instance:com.qa.tests.PostAPITest@27efef64]" name="setUp" is-config="true" duration-ms="8" started-at="2019-03-27T22:41:49Z" finished-at="2019-03-27T22:41:49Z">
          <reporter-output>
          </reporter-output>
        </test-method> <!-- setUp -->
        <test-method status="PASS" signature="PostAPITest()[pri:0, instance:com.qa.tests.PostAPITest@27efef64]" name="PostAPITest" duration-ms="2504" started-at="2019-03-27T22:41:49Z" finished-at="2019-03-27T22:41:52Z">
          <reporter-output>
          </reporter-output>
        </test-method> <!-- PostAPITest -->
      </class> <!-- com.qa.tests.PostAPITest -->
    </test> <!-- Default test -->
  </suite> <!-- Default suite -->
</testng-results>
